[32m[0830 09:51:32 @logger.py:92][0m Argv: /Users/harrywang/Documents/Brown/Research/Visual Computing Lab/code/Stamps_cvpr/3Dstamps/model/model.py --dataset synthgiraffe_png --data dataset --path dataset --dataloader GiraffeLoader_hor_scaled_keep_aspect_ratio --getdata get_data_synth --nb_l 6 --angle 180 --LAMBDA_dens_rot 50. --LAMBDA_dens 100. --LAMBDA_m 100. --LAMBDA_kl_cyc 5. --LAMBDA_recon_cyc 5. --nb_epochs 1 --usepencoding False --ratio 0.9 --gpu 0 --batch 6
[32m[0830 09:51:32 @parallel.py:340][0m [MultiProcessRunnerZMQ] Will fork a dataflow more than one times. This assumes the datapoints are i.i.d.
[32m[0830 09:51:32 @input_source.py:221][0m Setting up the queue 'QueueInput/input_queue' for CPU prefetching ...
[32m[0830 09:51:32 @training.py:112][0m Building graph for training tower 0 ...
[32m[0830 09:51:32 @argscope.py:115][0m 'dense'     : [1, 256] --> [1, 256]
[32m[0830 09:51:32 @argscope.py:115][0m 'dense'     : [1, 256] --> [1, 256]
[32m[0830 09:51:32 @argscope.py:115][0m 'dense'     : [1, 256] --> [1, 256]
[32m[0830 09:51:32 @argscope.py:115][0m 'dense'     : [1, 256] --> [1, 256]
[32m[0830 09:51:32 @argscope.py:115][0m 'dense'     : [1, 256] --> [1, 18]
[32m[0830 09:51:32 @argscope.py:115][0m 'dense'     : [1, 256] --> [1, 18]
[32m[0830 09:51:32 @argscope.py:115][0m 'dense'     : [1, 256] --> [1, 18]
[32m[0830 09:51:32 @argscope.py:115][0m 'dense'     : [1, 256] --> [1, 18]
[32m[0830 09:51:32 @registry.py:90][0m 'gen/foreground_encoder/mask_conv0_0': [?, 256, 256, 1] --> [?, 128, 128, 64]
[32m[0830 09:51:32 @registry.py:90][0m 'gen/foreground_encoder/mask_conv0_1': [?, 128, 128, 64] --> [?, 128, 128, 64]
[32m[0830 09:51:32 @registry.py:90][0m 'gen/foreground_encoder/img_conv0_0': [?, 256, 256, 3] --> [?, 128, 128, 64]
[32m[0830 09:51:32 @registry.py:90][0m 'gen/foreground_encoder/img_conv0_1': [?, 128, 128, 64] --> [?, 128, 128, 64]
[32m[0830 09:51:32 @registry.py:90][0m 'gen/foreground_encoder/mask_conv1_0': [?, 128, 128, 64] --> [?, 64, 64, 128]
[32m[0830 09:51:32 @registry.py:90][0m 'gen/foreground_encoder/mask_conv1_1': [?, 64, 64, 128] --> [?, 64, 64, 128]
[32m[0830 09:51:32 @registry.py:90][0m 'gen/foreground_encoder/img_conv1_0': [?, 128, 128, 64] --> [?, 64, 64, 128]
[32m[0830 09:51:32 @registry.py:90][0m 'gen/foreground_encoder/img_conv1_1': [?, 64, 64, 128] --> [?, 64, 64, 128]
[32m[0830 09:51:32 @registry.py:90][0m 'gen/foreground_encoder/mask_conv2_0': [?, 64, 64, 128] --> [?, 32, 32, 128]
[32m[0830 09:51:32 @registry.py:90][0m 'gen/foreground_encoder/mask_conv2_1': [?, 32, 32, 128] --> [?, 32, 32, 128]
[32m[0830 09:51:32 @registry.py:90][0m 'gen/foreground_encoder/img_conv2_0': [?, 64, 64, 128] --> [?, 32, 32, 128]
[32m[0830 09:51:32 @registry.py:90][0m 'gen/foreground_encoder/img_conv2_1': [?, 32, 32, 128] --> [?, 32, 32, 128]
[32m[0830 09:51:32 @registry.py:90][0m 'gen/foreground_encoder/mask_conv3_0': [?, 32, 32, 128] --> [?, 16, 16, 256]
[32m[0830 09:51:32 @registry.py:90][0m 'gen/foreground_encoder/mask_conv3_1': [?, 16, 16, 256] --> [?, 16, 16, 256]
[32m[0830 09:51:32 @registry.py:90][0m 'gen/foreground_encoder/img_conv3_0': [?, 32, 32, 128] --> [?, 16, 16, 256]
[32m[0830 09:51:32 @registry.py:90][0m 'gen/foreground_encoder/img_conv3_1': [?, 16, 16, 256] --> [?, 16, 16, 256]
[32m[0830 09:51:32 @registry.py:90][0m 'gen/foreground_encoder/mask_conv4_0': [?, 16, 16, 256] --> [?, 8, 8, 256]
[32m[0830 09:51:32 @registry.py:90][0m 'gen/foreground_encoder/mask_conv4_1': [?, 8, 8, 256] --> [?, 8, 8, 256]
[32m[0830 09:51:32 @registry.py:90][0m 'gen/foreground_encoder/img_conv4_0': [?, 16, 16, 256] --> [?, 8, 8, 256]
[32m[0830 09:51:32 @registry.py:90][0m 'gen/foreground_encoder/img_conv4_1': [?, 8, 8, 256] --> [?, 8, 8, 256]
[32m[0830 09:51:32 @registry.py:90][0m 'gen/foreground_encoder/mask_conv5_0': [?, 8, 8, 256] --> [?, 4, 4, 512]
[32m[0830 09:51:32 @registry.py:90][0m 'gen/foreground_encoder/mask_conv5_1': [?, 4, 4, 512] --> [?, 4, 4, 512]
[32m[0830 09:51:32 @registry.py:90][0m 'gen/foreground_encoder/img_conv5_0': [?, 8, 8, 256] --> [?, 4, 4, 512]
[32m[0830 09:51:32 @registry.py:90][0m 'gen/foreground_encoder/img_conv5_1': [?, 4, 4, 512] --> [?, 4, 4, 512]
[32m[0830 09:51:32 @argscope.py:115][0m 'dense'     : [?, 512] --> [?, 16]
[32m[0830 09:51:32 @argscope.py:115][0m 'dense'     : [?, 512] --> [?, 16]
[32m[0830 09:51:32 @argscope.py:115][0m 'dense'     : [?, 16] --> [?, 256]
[32m[0830 09:51:32 @argscope.py:115][0m 'dense'     : [?, 256] --> [?, 256]
[32m[0830 09:51:32 @argscope.py:115][0m 'dense'     : [?, 256] --> [?, 256]
[32m[0830 09:51:32 @argscope.py:115][0m 'dense'     : [?, 256] --> [?, 256]
[32m[0830 09:51:32 @argscope.py:115][0m 'dense'     : [?, 256] --> [?, 256]
[32m[0830 09:51:32 @argscope.py:115][0m 'dense'     : [?, 256] --> [?, 256]
[32m[0830 09:51:32 @argscope.py:115][0m 'dense'     : [?, 256] --> [?, 256]
[32m[0830 09:51:32 @argscope.py:115][0m 'dense'     : [?, 256] --> [?, 256]
[32m[0830 09:51:32 @argscope.py:115][0m 'dense'     : [?, 256] --> [?, 256]
[32m[0830 09:51:32 @argscope.py:115][0m 'dense'     : [?, 256] --> [?, 256]
[32m[0830 09:51:33 @argscope.py:115][0m 'dense'     : [?, 256] --> [?, 256]
[32m[0830 09:51:33 @argscope.py:115][0m 'dense'     : [?, 256] --> [?, 256]
[32m[0830 09:51:33 @argscope.py:115][0m 'dense'     : [?, 256] --> [?, 18]
[32m[0830 09:51:33 @argscope.py:115][0m 'dense'     : [?, 256] --> [?, 18]
[32m[0830 09:51:33 @argscope.py:115][0m 'dense'     : [?, 256] --> [?, 6]
[32m[0830 09:51:33 @argscope.py:115][0m 'dense'     : [?, 256] --> [?, 6]
[32m[0830 09:51:33 @argscope.py:115][0m 'dense'     : [?, 256] --> [?, 6]
[32m[0830 09:51:33 @argscope.py:115][0m 'dense'     : [?, 256] --> [?, 1]
[32m[0830 09:51:33 @argscope.py:115][0m 'dense'     : [?, 256, 64, 268] --> [?, 256, 64, 128]
[32m[0830 09:51:33 @argscope.py:115][0m 'dense'     : [?, 256, 64, 128] --> [?, 256, 64, 128]
[32m[0830 09:51:33 @argscope.py:115][0m 'dense'     : [?, 256, 64, 128] --> [?, 256, 64, 128]
[32m[0830 09:51:33 @argscope.py:115][0m 'dense'     : [?, 256, 64, 128] --> [?, 256, 64, 128]
[32m[0830 09:51:33 @argscope.py:115][0m 'dense'     : [?, 256, 64, 128] --> [?, 256, 64, 128]
[32m[0830 09:51:33 @argscope.py:115][0m 'dense'     : [?, 256, 64, 128] --> [?, 256, 64, 128]
[32m[0830 09:51:33 @argscope.py:115][0m 'dense'     : [?, 256, 64, 128] --> [?, 256, 64, 128]
[32m[0830 09:51:33 @argscope.py:115][0m 'dense'     : [?, 256, 64, 128] --> [?, 256, 64, 128]
[32m[0830 09:51:33 @argscope.py:115][0m 'dense'     : [?, 256, 64, 128] --> [?, 256, 64, 32]
[32m[0830 09:51:33 @registry.py:90][0m 'gen/gen_img/conv0_nr_rgb': [?, 16, 16, 32] --> [?, 16, 16, 3]
[32m[0830 09:51:33 @registry.py:90][0m 'gen/gen_img/conv0_nr_f': [?, 32, 32, 32] --> [?, 32, 32, 32]
[32m[0830 09:51:33 @registry.py:90][0m 'gen/gen_img/conv1_nr_rgb': [?, 32, 32, 32] --> [?, 32, 32, 3]
[32m[0830 09:51:33 @registry.py:90][0m 'gen/gen_img/conv1_nr_f': [?, 64, 64, 32] --> [?, 64, 64, 32]
[32m[0830 09:51:33 @registry.py:90][0m 'gen/gen_img/conv2_nr_rgb': [?, 64, 64, 32] --> [?, 64, 64, 3]
[32m[0830 09:51:33 @registry.py:90][0m 'gen/gen_img/conv2_nr_f': [?, 128, 128, 32] --> [?, 128, 128, 32]
[32m[0830 09:51:33 @registry.py:90][0m 'gen/gen_img/conv3_nr_rgb': [?, 128, 128, 32] --> [?, 128, 128, 3]
[32m[0830 09:51:34 @registry.py:90][0m 'gen/gen_img/conv3_nr_f': [?, 256, 256, 32] --> [?, 256, 256, 32]
[32m[0830 09:51:34 @registry.py:90][0m 'gen/gen_img/conv4_nr_rgb': [?, 256, 256, 32] --> [?, 256, 256, 3]
[32m[0830 09:51:34 @argscope.py:115][0m 'dense'     : [?, 256, 64, 268] --> [?, 256, 64, 128]
[32m[0830 09:51:34 @argscope.py:115][0m 'dense'     : [?, 256, 64, 128] --> [?, 256, 64, 128]
[32m[0830 09:51:34 @argscope.py:115][0m 'dense'     : [?, 256, 64, 128] --> [?, 256, 64, 128]
[32m[0830 09:51:34 @argscope.py:115][0m 'dense'     : [?, 256, 64, 128] --> [?, 256, 64, 128]
[32m[0830 09:51:34 @argscope.py:115][0m 'dense'     : [?, 256, 64, 128] --> [?, 256, 64, 128]
[32m[0830 09:51:34 @argscope.py:115][0m 'dense'     : [?, 256, 64, 128] --> [?, 256, 64, 128]
[32m[0830 09:51:34 @argscope.py:115][0m 'dense'     : [?, 256, 64, 128] --> [?, 256, 64, 128]
[32m[0830 09:51:34 @argscope.py:115][0m 'dense'     : [?, 256, 64, 128] --> [?, 256, 64, 128]
[32m[0830 09:51:34 @argscope.py:115][0m 'dense'     : [?, 256, 64, 128] --> [?, 256, 64, 32]
[32m[0830 09:51:35 @argscope.py:115][0m 'dense'     : [?, 512] --> [?, 16]
[32m[0830 09:51:35 @argscope.py:115][0m 'dense'     : [?, 512] --> [?, 16]
[32m[0830 09:51:35 @argscope.py:115][0m 'dense'     : [?, 16] --> [?, 256]
[32m[0830 09:51:35 @argscope.py:115][0m 'dense'     : [?, 256] --> [?, 256]
[32m[0830 09:51:35 @argscope.py:115][0m 'dense'     : [?, 256] --> [?, 256]
[32m[0830 09:51:35 @argscope.py:115][0m 'dense'     : [?, 256] --> [?, 256]
[32m[0830 09:51:35 @argscope.py:115][0m 'dense'     : [?, 256] --> [?, 256]
[32m[0830 09:51:35 @argscope.py:115][0m 'dense'     : [?, 256] --> [?, 256]
[32m[0830 09:51:35 @argscope.py:115][0m 'dense'     : [?, 256] --> [?, 256]
[32m[0830 09:51:35 @argscope.py:115][0m 'dense'     : [?, 256] --> [?, 256]
[32m[0830 09:51:35 @argscope.py:115][0m 'dense'     : [?, 256] --> [?, 256]
[32m[0830 09:51:35 @argscope.py:115][0m 'dense'     : [?, 256] --> [?, 256]
[32m[0830 09:51:35 @argscope.py:115][0m 'dense'     : [?, 256] --> [?, 256]
[32m[0830 09:51:35 @argscope.py:115][0m 'dense'     : [?, 256] --> [?, 256]
[32m[0830 09:51:35 @argscope.py:115][0m 'dense'     : [?, 256] --> [?, 18]
[32m[0830 09:51:35 @argscope.py:115][0m 'dense'     : [?, 256] --> [?, 18]
[32m[0830 09:51:35 @argscope.py:115][0m 'dense'     : [?, 256] --> [?, 6]
[32m[0830 09:51:35 @argscope.py:115][0m 'dense'     : [?, 256] --> [?, 6]
[32m[0830 09:51:35 @argscope.py:115][0m 'dense'     : [?, 256] --> [?, 6]
[32m[0830 09:51:35 @argscope.py:115][0m 'dense'     : [?, 256] --> [?, 1]
[32m[0830 09:51:36 @argscope.py:115][0m 'dense'     : [?, 256, 64, 268] --> [?, 256, 64, 128]
[32m[0830 09:51:36 @argscope.py:115][0m 'dense'     : [?, 256, 64, 128] --> [?, 256, 64, 128]
[32m[0830 09:51:36 @argscope.py:115][0m 'dense'     : [?, 256, 64, 128] --> [?, 256, 64, 128]
[32m[0830 09:51:36 @argscope.py:115][0m 'dense'     : [?, 256, 64, 128] --> [?, 256, 64, 128]
[32m[0830 09:51:36 @argscope.py:115][0m 'dense'     : [?, 256, 64, 128] --> [?, 256, 64, 128]
[32m[0830 09:51:36 @argscope.py:115][0m 'dense'     : [?, 256, 64, 128] --> [?, 256, 64, 128]
[32m[0830 09:51:36 @argscope.py:115][0m 'dense'     : [?, 256, 64, 128] --> [?, 256, 64, 128]
[32m[0830 09:51:36 @argscope.py:115][0m 'dense'     : [?, 256, 64, 128] --> [?, 256, 64, 128]
[32m[0830 09:51:36 @argscope.py:115][0m 'dense'     : [?, 256, 64, 128] --> [?, 256, 64, 32]
