[32m[1006 17:42:27 @logger.py:92][0m Argv: /Users/harrywang/Documents/Brown/Research/Visual Computing Lab/code/Stamps_cvpr/3Dstamps/model/model_7.py --dataset synthgiraffe_png --data dataset --dataloader GiraffeLoader_hor_scaled_keep_aspect_ratio --getdata get_data_synth --nb_l 6 --angle 90 --LAMBDA_dens_rot 10. --LAMBDA_dens 20. --LAMBDA_mask_recon 20. --LAMBDA_m 5. --LAMBDA_kl_cyc 0. --LAMBDA_mask_recon_cyc 5. --LAMBDA_img_recon_cyc 2. --nb_epochs 200 --ratio 0.9 --gpu 0,1 --batch 6
[32m[1006 17:42:27 @parallel.py:340][0m [MultiProcessRunnerZMQ] Will fork a dataflow more than one times. This assumes the datapoints are i.i.d.
[32m[1006 17:42:27 @input_source.py:221][0m Setting up the queue 'QueueInput/input_queue' for CPU prefetching ...
[32m[1006 17:42:27 @training.py:112][0m Building graph for training tower 0 ...
[32m[1006 17:42:27 @argscope.py:115][0m 'dense'     : [1, 256] --> [1, 256]
[32m[1006 17:42:27 @argscope.py:115][0m 'dense'     : [1, 256] --> [1, 256]
[32m[1006 17:42:27 @argscope.py:115][0m 'dense'     : [1, 256] --> [1, 256]
[32m[1006 17:42:27 @argscope.py:115][0m 'dense'     : [1, 256] --> [1, 256]
[32m[1006 17:42:27 @argscope.py:115][0m 'dense'     : [1, 256] --> [1, 18]
[32m[1006 17:42:27 @argscope.py:115][0m 'dense'     : [1, 256] --> [1, 18]
[32m[1006 17:42:27 @argscope.py:115][0m 'dense'     : [1, 256] --> [1, 18]
[32m[1006 17:42:27 @argscope.py:115][0m 'dense'     : [1, 256] --> [1, 18]
[32m[1006 17:42:27 @registry.py:90][0m 'gen/foreground_encoder/mask_conv0_0': [?, 256, 256, 3] --> [?, 128, 128, 64]
[32m[1006 17:42:27 @registry.py:90][0m 'gen/foreground_encoder/mask_conv0_1': [?, 128, 128, 64] --> [?, 128, 128, 64]
[32m[1006 17:42:27 @registry.py:90][0m 'gen/foreground_encoder/mask_conv1_0': [?, 128, 128, 64] --> [?, 64, 64, 128]
[32m[1006 17:42:27 @registry.py:90][0m 'gen/foreground_encoder/mask_conv1_1': [?, 64, 64, 128] --> [?, 64, 64, 128]
[32m[1006 17:42:27 @registry.py:90][0m 'gen/foreground_encoder/mask_conv2_0': [?, 64, 64, 128] --> [?, 32, 32, 128]
[32m[1006 17:42:27 @registry.py:90][0m 'gen/foreground_encoder/mask_conv2_1': [?, 32, 32, 128] --> [?, 32, 32, 128]
[32m[1006 17:42:27 @registry.py:90][0m 'gen/foreground_encoder/mask_conv3_0': [?, 32, 32, 128] --> [?, 16, 16, 256]
[32m[1006 17:42:27 @registry.py:90][0m 'gen/foreground_encoder/mask_conv3_1': [?, 16, 16, 256] --> [?, 16, 16, 256]
[32m[1006 17:42:27 @registry.py:90][0m 'gen/foreground_encoder/mask_conv4_0': [?, 16, 16, 256] --> [?, 8, 8, 256]
[32m[1006 17:42:27 @registry.py:90][0m 'gen/foreground_encoder/mask_conv4_1': [?, 8, 8, 256] --> [?, 8, 8, 256]
[32m[1006 17:42:27 @registry.py:90][0m 'gen/foreground_encoder/mask_conv5_0': [?, 8, 8, 256] --> [?, 4, 4, 512]
[32m[1006 17:42:27 @registry.py:90][0m 'gen/foreground_encoder/mask_conv5_1': [?, 4, 4, 512] --> [?, 4, 4, 512]
[32m[1006 17:42:27 @argscope.py:115][0m 'dense'     : [?, 512] --> [?, 16]
[32m[1006 17:42:27 @argscope.py:115][0m 'dense'     : [?, 16] --> [?, 256]
[32m[1006 17:42:27 @argscope.py:115][0m 'dense'     : [?, 256] --> [?, 256]
[32m[1006 17:42:27 @argscope.py:115][0m 'dense'     : [?, 256] --> [?, 256]
[32m[1006 17:42:27 @argscope.py:115][0m 'dense'     : [?, 256] --> [?, 256]
[32m[1006 17:42:27 @argscope.py:115][0m 'dense'     : [?, 256] --> [?, 256]
[32m[1006 17:42:28 @argscope.py:115][0m 'dense'     : [?, 256] --> [?, 256]
[32m[1006 17:42:28 @argscope.py:115][0m 'dense'     : [?, 256] --> [?, 256]
[32m[1006 17:42:28 @argscope.py:115][0m 'dense'     : [?, 256] --> [?, 256]
[32m[1006 17:42:28 @argscope.py:115][0m 'dense'     : [?, 256] --> [?, 256]
[32m[1006 17:42:28 @argscope.py:115][0m 'dense'     : [?, 256] --> [?, 256]
[32m[1006 17:42:28 @argscope.py:115][0m 'dense'     : [?, 256] --> [?, 256]
[32m[1006 17:42:28 @argscope.py:115][0m 'dense'     : [?, 256] --> [?, 256]
[32m[1006 17:42:28 @argscope.py:115][0m 'dense'     : [?, 256] --> [?, 18]
[32m[1006 17:42:28 @argscope.py:115][0m 'dense'     : [?, 256] --> [?, 18]
[32m[1006 17:42:28 @argscope.py:115][0m 'dense'     : [?, 256] --> [?, 6]
[32m[1006 17:42:28 @argscope.py:115][0m 'dense'     : [?, 256] --> [?, 6]
[32m[1006 17:42:28 @argscope.py:115][0m 'dense'     : [?, 256] --> [?, 6]
[32m[1006 17:42:28 @argscope.py:115][0m 'dense'     : [?, 256] --> [?, 1]
[32m[1006 17:42:28 @argscope.py:115][0m 'dense'     : [?, 1024, 32, 252] --> [?, 1024, 32, 128]
[32m[1006 17:42:28 @argscope.py:115][0m 'dense'     : [?, 1024, 32, 128] --> [?, 1024, 32, 128]
[32m[1006 17:42:28 @argscope.py:115][0m 'dense'     : [?, 1024, 32, 128] --> [?, 1024, 32, 128]
[32m[1006 17:42:28 @argscope.py:115][0m 'dense'     : [?, 1024, 32, 128] --> [?, 1024, 32, 128]
[32m[1006 17:42:28 @argscope.py:115][0m 'dense'     : [?, 1024, 32, 128] --> [?, 1024, 32, 128]
[32m[1006 17:42:28 @argscope.py:115][0m 'dense'     : [?, 1024, 32, 128] --> [?, 1024, 32, 128]
[32m[1006 17:42:28 @argscope.py:115][0m 'dense'     : [?, 1024, 32, 128] --> [?, 1024, 32, 128]
[32m[1006 17:42:28 @argscope.py:115][0m 'dense'     : [?, 1024, 32, 128] --> [?, 1024, 32, 128]
[32m[1006 17:42:28 @argscope.py:115][0m 'dense'     : [?, 1024, 32, 128] --> [?, 1024, 32, 32]
[32m[1006 17:42:28 @registry.py:90][0m 'gen/gen_img/conv0_nr_rgb': [?, 32, 32, 32] --> [?, 32, 32, 3]
[32m[1006 17:42:28 @registry.py:90][0m 'gen/gen_img/conv0_nr_f': [?, 64, 64, 32] --> [?, 64, 64, 32]
[32m[1006 17:42:28 @registry.py:90][0m 'gen/gen_img/conv1_nr_rgb': [?, 64, 64, 32] --> [?, 64, 64, 3]
[32m[1006 17:42:28 @registry.py:90][0m 'gen/gen_img/conv1_nr_f': [?, 128, 128, 32] --> [?, 128, 128, 32]
[32m[1006 17:42:28 @registry.py:90][0m 'gen/gen_img/conv2_nr_rgb': [?, 128, 128, 32] --> [?, 128, 128, 3]
[32m[1006 17:42:28 @registry.py:90][0m 'gen/gen_img/conv2_nr_f': [?, 256, 256, 32] --> [?, 256, 256, 32]
[32m[1006 17:42:28 @registry.py:90][0m 'gen/gen_img/conv3_nr_rgb': [?, 256, 256, 32] --> [?, 256, 256, 3]
[32m[1006 17:42:29 @argscope.py:115][0m 'dense'     : [?, 1024, 32, 252] --> [?, 1024, 32, 128]
[32m[1006 17:42:29 @argscope.py:115][0m 'dense'     : [?, 1024, 32, 128] --> [?, 1024, 32, 128]
[32m[1006 17:42:29 @argscope.py:115][0m 'dense'     : [?, 1024, 32, 128] --> [?, 1024, 32, 128]
[32m[1006 17:42:29 @argscope.py:115][0m 'dense'     : [?, 1024, 32, 128] --> [?, 1024, 32, 128]
[32m[1006 17:42:29 @argscope.py:115][0m 'dense'     : [?, 1024, 32, 128] --> [?, 1024, 32, 128]
[32m[1006 17:42:29 @argscope.py:115][0m 'dense'     : [?, 1024, 32, 128] --> [?, 1024, 32, 128]
[32m[1006 17:42:29 @argscope.py:115][0m 'dense'     : [?, 1024, 32, 128] --> [?, 1024, 32, 128]
[32m[1006 17:42:29 @argscope.py:115][0m 'dense'     : [?, 1024, 32, 128] --> [?, 1024, 32, 128]
[32m[1006 17:42:29 @argscope.py:115][0m 'dense'     : [?, 1024, 32, 128] --> [?, 1024, 32, 32]
[32m[1006 17:42:30 @argscope.py:115][0m 'dense'     : [?, 512] --> [?, 16]
[32m[1006 17:42:30 @argscope.py:115][0m 'dense'     : [?, 16] --> [?, 256]
[32m[1006 17:42:30 @argscope.py:115][0m 'dense'     : [?, 256] --> [?, 256]
[32m[1006 17:42:30 @argscope.py:115][0m 'dense'     : [?, 256] --> [?, 256]
[32m[1006 17:42:30 @argscope.py:115][0m 'dense'     : [?, 256] --> [?, 256]
[32m[1006 17:42:30 @argscope.py:115][0m 'dense'     : [?, 256] --> [?, 256]
[32m[1006 17:42:30 @argscope.py:115][0m 'dense'     : [?, 256] --> [?, 256]
[32m[1006 17:42:30 @argscope.py:115][0m 'dense'     : [?, 256] --> [?, 256]
[32m[1006 17:42:30 @argscope.py:115][0m 'dense'     : [?, 256] --> [?, 256]
[32m[1006 17:42:30 @argscope.py:115][0m 'dense'     : [?, 256] --> [?, 256]
[32m[1006 17:42:30 @argscope.py:115][0m 'dense'     : [?, 256] --> [?, 256]
[32m[1006 17:42:30 @argscope.py:115][0m 'dense'     : [?, 256] --> [?, 256]
[32m[1006 17:42:30 @argscope.py:115][0m 'dense'     : [?, 256] --> [?, 256]
[32m[1006 17:42:30 @argscope.py:115][0m 'dense'     : [?, 256] --> [?, 18]
[32m[1006 17:42:30 @argscope.py:115][0m 'dense'     : [?, 256] --> [?, 18]
[32m[1006 17:42:30 @argscope.py:115][0m 'dense'     : [?, 256] --> [?, 6]
[32m[1006 17:42:30 @argscope.py:115][0m 'dense'     : [?, 256] --> [?, 6]
[32m[1006 17:42:30 @argscope.py:115][0m 'dense'     : [?, 256] --> [?, 6]
[32m[1006 17:42:30 @argscope.py:115][0m 'dense'     : [?, 256] --> [?, 1]
[32m[1006 17:42:30 @argscope.py:115][0m 'dense'     : [?, 1024, 32, 252] --> [?, 1024, 32, 128]
[32m[1006 17:42:30 @argscope.py:115][0m 'dense'     : [?, 1024, 32, 128] --> [?, 1024, 32, 128]
[32m[1006 17:42:30 @argscope.py:115][0m 'dense'     : [?, 1024, 32, 128] --> [?, 1024, 32, 128]
[32m[1006 17:42:30 @argscope.py:115][0m 'dense'     : [?, 1024, 32, 128] --> [?, 1024, 32, 128]
[32m[1006 17:42:30 @argscope.py:115][0m 'dense'     : [?, 1024, 32, 128] --> [?, 1024, 32, 128]
[32m[1006 17:42:30 @argscope.py:115][0m 'dense'     : [?, 1024, 32, 128] --> [?, 1024, 32, 128]
[32m[1006 17:42:30 @argscope.py:115][0m 'dense'     : [?, 1024, 32, 128] --> [?, 1024, 32, 128]
[32m[1006 17:42:30 @argscope.py:115][0m 'dense'     : [?, 1024, 32, 128] --> [?, 1024, 32, 128]
[32m[1006 17:42:30 @argscope.py:115][0m 'dense'     : [?, 1024, 32, 128] --> [?, 1024, 32, 32]
[32m[1006 17:42:30 @registry.py:90][0m 'discrim/discrim_mask/s0/Ax/conv0': [?, 256, 256, 3] --> [?, 256, 256, 64]
[32m[1006 17:42:30 @registry.py:90][0m 'discrim/discrim_mask/s0/Ax/conv1': [?, 256, 256, 64] --> [?, 128, 128, 128]
[32m[1006 17:42:30 @registry.py:90][0m 'discrim/discrim_mask/s0/Ax/conv2': [?, 128, 128, 128] --> [?, 64, 64, 256]
[32m[1006 17:42:30 @registry.py:90][0m 'discrim/discrim_mask/s0/Ax/conv3': [?, 64, 64, 256] --> [?, 32, 32, 512]
[32m[1006 17:42:30 @registry.py:90][0m 'discrim/discrim_mask/s0/Ah/conv3': [?, 32, 32, 512] --> [?, 16, 16, 512]
[32m[1006 17:42:31 @registry.py:90][0m 'discrim/discrim_mask/s0/Ah/conv4': [?, 16, 16, 512] --> [?, 16, 16, 1]
[32m[1006 17:42:31 @argscope.py:115][0m 'average_pooling2d': [?, 256, 256, 3] --> [?, 127, 127, 3]
[32m[1006 17:42:31 @argscope.py:115][0m 'average_pooling2d': [?, 256, 256, 3] --> [?, 127, 127, 3]
[32m[1006 17:42:31 @argscope.py:115][0m 'average_pooling2d': [?, 256, 256, 3] --> [?, 127, 127, 3]
[32m[1006 17:42:31 @registry.py:90][0m 'discrim/discrim_mask/s1/Ax/conv0': [?, 127, 127, 3] --> [?, 127, 127, 64]
[32m[1006 17:42:31 @registry.py:90][0m 'discrim/discrim_mask/s1/Ax/conv1': [?, 127, 127, 64] --> [?, 64, 64, 128]
[32m[1006 17:42:31 @registry.py:90][0m 'discrim/discrim_mask/s1/Ax/conv2': [?, 64, 64, 128] --> [?, 32, 32, 256]
[32m[1006 17:42:31 @registry.py:90][0m 'discrim/discrim_mask/s1/Ax/conv3': [?, 32, 32, 256] --> [?, 16, 16, 512]
[32m[1006 17:42:31 @registry.py:90][0m 'discrim/discrim_mask/s1/Ah/conv3': [?, 16, 16, 512] --> [?, 8, 8, 512]
[32m[1006 17:42:31 @registry.py:90][0m 'discrim/discrim_mask/s1/Ah/conv4': [?, 8, 8, 512] --> [?, 8, 8, 1]
[32m[1006 17:42:31 @argscope.py:115][0m 'average_pooling2d': [?, 127, 127, 3] --> [?, 63, 63, 3]
[32m[1006 17:42:31 @argscope.py:115][0m 'average_pooling2d': [?, 127, 127, 3] --> [?, 63, 63, 3]
[32m[1006 17:42:31 @argscope.py:115][0m 'average_pooling2d': [?, 127, 127, 3] --> [?, 63, 63, 3]
[32m[1006 17:42:31 @registry.py:90][0m 'discrim/discrim_mask/s2/Ax/conv0': [?, 63, 63, 3] --> [?, 63, 63, 64]
[32m[1006 17:42:31 @registry.py:90][0m 'discrim/discrim_mask/s2/Ax/conv1': [?, 63, 63, 64] --> [?, 32, 32, 128]
[32m[1006 17:42:31 @registry.py:90][0m 'discrim/discrim_mask/s2/Ax/conv2': [?, 32, 32, 128] --> [?, 16, 16, 256]
[32m[1006 17:42:31 @registry.py:90][0m 'discrim/discrim_mask/s2/Ax/conv3': [?, 16, 16, 256] --> [?, 8, 8, 512]
[32m[1006 17:42:31 @registry.py:90][0m 'discrim/discrim_mask/s2/Ah/conv3': [?, 8, 8, 512] --> [?, 4, 4, 512]
[32m[1006 17:42:31 @registry.py:90][0m 'discrim/discrim_mask/s2/Ah/conv4': [?, 4, 4, 512] --> [?, 4, 4, 1]
[32m[1006 17:42:32 @training.py:112][0m Building graph for training tower 1 ...
[32m[1006 17:42:35 @collection.py:152][0m Size of these collections were changed in tower1: (tf.GraphKeys.UPDATE_OPS: 30->60)
[32m[1006 17:43:11 @model_utils.py:67][0m [36mList of Trainable Variables: 
[0mname                                             shape               #elements  device
-----------------------------------------------  ----------------  -----------  -------------
pred_gaussians/cann_lmks                         [1, 256]                  256  /device:GPU:0
pred_gaussians/dense/kernel                      [256, 256]              65536  /device:GPU:1
pred_gaussians/dense/bias                        [256]                     256  /device:GPU:0
pred_gaussians/dense_1/kernel                    [256, 256]              65536  /device:GPU:0
pred_gaussians/dense_1/bias                      [256]                     256  /device:GPU:1
pred_gaussians/dense_2/kernel                    [256, 256]              65536  /device:GPU:1
pred_gaussians/dense_2/bias                      [256]                     256  /device:GPU:0
pred_gaussians/dense_3/kernel                    [256, 256]              65536  /device:GPU:0
pred_gaussians/dense_3/bias                      [256]                     256  /device:GPU:1
pred_gaussians/dense_4/kernel                    [256, 18]                4608  /device:GPU:1
pred_gaussians/dense_4/bias                      [18]                       18  /device:GPU:0
pred_gaussians/dense_5/kernel                    [256, 18]                4608  /device:GPU:0
pred_gaussians/dense_5/bias                      [18]                       18  /device:GPU:1
pred_gaussians/dense_6/kernel                    [256, 18]                4608  /device:GPU:1
pred_gaussians/dense_6/bias                      [18]                       18  /device:GPU:0
pred_gaussians/dense_7/kernel                    [256, 18]                4608  /device:GPU:0
pred_gaussians/dense_7/bias                      [18]                       18  /device:GPU:1
gen/foreground_encoder/mask_conv0_0/W            [7, 7, 3, 64]            9408  /device:GPU:1
gen/foreground_encoder/mask_conv0_0/b            [64]                       64  /device:GPU:0
gen/foreground_encoder/mask_conv0_0/IN/in/beta   [64]                       64  /device:GPU:0
gen/foreground_encoder/mask_conv0_0/IN/in/gamma  [64]                       64  /device:GPU:0
gen/foreground_encoder/mask_conv0_1/W            [3, 3, 64, 64]          36864  /device:GPU:0
gen/foreground_encoder/mask_conv0_1/b            [64]                       64  /device:GPU:1
gen/foreground_encoder/mask_conv0_1/IN/in/beta   [64]                       64  /device:GPU:1
gen/foreground_encoder/mask_conv0_1/IN/in/gamma  [64]                       64  /device:GPU:1
gen/foreground_encoder/mask_conv1_0/W            [3, 3, 64, 128]         73728  /device:GPU:1
gen/foreground_encoder/mask_conv1_0/b            [128]                     128  /device:GPU:0
gen/foreground_encoder/mask_conv1_0/IN/in/beta   [128]                     128  /device:GPU:0
gen/foreground_encoder/mask_conv1_0/IN/in/gamma  [128]                     128  /device:GPU:0
gen/foreground_encoder/mask_conv1_1/W            [3, 3, 128, 128]       147456  /device:GPU:0
gen/foreground_encoder/mask_conv1_1/b            [128]                     128  /device:GPU:1
gen/foreground_encoder/mask_conv1_1/IN/in/beta   [128]                     128  /device:GPU:1
gen/foreground_encoder/mask_conv1_1/IN/in/gamma  [128]                     128  /device:GPU:1
gen/foreground_encoder/mask_conv2_0/W            [3, 3, 128, 128]       147456  /device:GPU:1
gen/foreground_encoder/mask_conv2_0/b            [128]                     128  /device:GPU:0
gen/foreground_encoder/mask_conv2_0/IN/in/beta   [128]                     128  /device:GPU:0
gen/foreground_encoder/mask_conv2_0/IN/in/gamma  [128]                     128  /device:GPU:0
gen/foreground_encoder/mask_conv2_1/W            [3, 3, 128, 128]       147456  /device:GPU:0
gen/foreground_encoder/mask_conv2_1/b            [128]                     128  /device:GPU:1
gen/foreground_encoder/mask_conv2_1/IN/in/beta   [128]                     128  /device:GPU:1
gen/foreground_encoder/mask_conv2_1/IN/in/gamma  [128]                     128  /device:GPU:1
gen/foreground_encoder/mask_conv3_0/W            [3, 3, 128, 256]       294912  /device:GPU:1
gen/foreground_encoder/mask_conv3_0/b            [256]                     256  /device:GPU:0
gen/foreground_encoder/mask_conv3_0/IN/in/beta   [256]                     256  /device:GPU:0
gen/foreground_encoder/mask_conv3_0/IN/in/gamma  [256]                     256  /device:GPU:0
gen/foreground_encoder/mask_conv3_1/W            [3, 3, 256, 256]       589824  /device:GPU:0
gen/foreground_encoder/mask_conv3_1/b            [256]                     256  /device:GPU:1
gen/foreground_encoder/mask_conv3_1/IN/in/beta   [256]                     256  /device:GPU:1
gen/foreground_encoder/mask_conv3_1/IN/in/gamma  [256]                     256  /device:GPU:1
gen/foreground_encoder/mask_conv4_0/W            [3, 3, 256, 256]       589824  /device:GPU:1
gen/foreground_encoder/mask_conv4_0/b            [256]                     256  /device:GPU:0
gen/foreground_encoder/mask_conv4_0/IN/in/beta   [256]                     256  /device:GPU:0
gen/foreground_encoder/mask_conv4_0/IN/in/gamma  [256]                     256  /device:GPU:0
gen/foreground_encoder/mask_conv4_1/W            [3, 3, 256, 256]       589824  /device:GPU:0
gen/foreground_encoder/mask_conv4_1/b            [256]                     256  /device:GPU:1
gen/foreground_encoder/mask_conv4_1/IN/in/beta   [256]                     256  /device:GPU:1
gen/foreground_encoder/mask_conv4_1/IN/in/gamma  [256]                     256  /device:GPU:1
gen/foreground_encoder/mask_conv5_0/W            [3, 3, 256, 512]      1179648  /device:GPU:1
gen/foreground_encoder/mask_conv5_0/b            [512]                     512  /device:GPU:0
gen/foreground_encoder/mask_conv5_0/IN/in/beta   [512]                     512  /device:GPU:0
gen/foreground_encoder/mask_conv5_0/IN/in/gamma  [512]                     512  /device:GPU:0
gen/foreground_encoder/mask_conv5_1/W            [3, 3, 512, 512]      2359296  /device:GPU:0
gen/foreground_encoder/mask_conv5_1/b            [512]                     512  /device:GPU:1
gen/foreground_encoder/mask_conv5_1/IN/in/beta   [512]                     512  /device:GPU:1
gen/foreground_encoder/mask_conv5_1/IN/in/gamma  [512]                     512  /device:GPU:1
gen/foreground_encoder/dense/kernel              [512, 16]                8192  /device:GPU:1
gen/foreground_encoder/dense/bias                [16]                       16  /device:GPU:1
gen/gen_gaussians/rotscale/dense/kernel          [16, 256]                4096  /device:GPU:1
gen/gen_gaussians/rotscale/dense/bias            [256]                     256  /device:GPU:1
gen/gen_gaussians/rotscale/dense_1/kernel        [256, 256]              65536  /device:GPU:1
gen/gen_gaussians/rotscale/dense_1/bias          [256]                     256  /device:GPU:1
gen/gen_gaussians/rotscale/dense_2/kernel        [256, 256]              65536  /device:GPU:1
gen/gen_gaussians/rotscale/dense_2/bias          [256]                     256  /device:GPU:1
gen/gen_gaussians/rotscale/dense_3/kernel        [256, 256]              65536  /device:GPU:1
gen/gen_gaussians/rotscale/dense_3/bias          [256]                     256  /device:GPU:1
gen/gen_gaussians/rotscale/dense_4/kernel        [256, 256]              65536  /device:GPU:1
gen/gen_gaussians/rotscale/dense_4/bias          [256]                     256  /device:GPU:1
gen/gen_gaussians/rotscale/dense_5/kernel        [256, 256]              65536  /device:GPU:1
gen/gen_gaussians/rotscale/dense_5/bias          [256]                     256  /device:GPU:1
gen/gen_gaussians/rotscale/dense_6/kernel        [256, 256]              65536  /device:GPU:1
gen/gen_gaussians/rotscale/dense_6/bias          [256]                     256  /device:GPU:1
gen/gen_gaussians/rotscale/dense_7/kernel        [256, 256]              65536  /device:GPU:1
gen/gen_gaussians/rotscale/dense_7/bias          [256]                     256  /device:GPU:1
gen/gen_gaussians/rotscale/dense_8/kernel        [256, 256]              65536  /device:GPU:1
gen/gen_gaussians/rotscale/dense_8/bias          [256]                     256  /device:GPU:1
gen/gen_gaussians/rotscale/dense_9/kernel        [256, 256]              65536  /device:GPU:1
gen/gen_gaussians/rotscale/dense_9/bias          [256]                     256  /device:GPU:1
gen/gen_gaussians/rotscale/dense_10/kernel       [256, 256]              65536  /device:GPU:1
gen/gen_gaussians/rotscale/dense_10/bias         [256]                     256  /device:GPU:1
gen/gen_gaussians/rotscale/dense_11/kernel       [256, 256]              65536  /device:GPU:1
gen/gen_gaussians/rotscale/dense_11/bias         [256]                     256  /device:GPU:1
gen/gen_gaussians/rotscale/dense_12/kernel       [256, 18]                4608  /device:GPU:1
gen/gen_gaussians/rotscale/dense_12/bias         [18]                       18  /device:GPU:1
gen/gen_gaussians/rotscale/dense_13/kernel       [256, 18]                4608  /device:GPU:1
gen/gen_gaussians/rotscale/dense_13/bias         [18]                       18  /device:GPU:1
gen/gen_gaussians/rotscale/dense_14/kernel       [256, 6]                 1536  /device:GPU:1
gen/gen_gaussians/rotscale/dense_14/bias         [6]                         6  /device:GPU:1
gen/gen_gaussians/rotscale/dense_15/kernel       [256, 6]                 1536  /device:GPU:1
gen/gen_gaussians/rotscale/dense_15/bias         [6]                         6  /device:GPU:1
gen/gen_gaussians/rotscale/dense_16/kernel       [256, 6]                 1536  /device:GPU:1
gen/gen_gaussians/rotscale/dense_16/bias         [6]                         6  /device:GPU:1
gen/gen_gaussians/rotscale/dense_17/kernel       [256, 1]                  256  /device:GPU:1
gen/gen_gaussians/rotscale/dense_17/bias         [1]                         1  /device:GPU:1
gen/gen_img/get_features/dense/kernel            [252, 128]              32256  /device:GPU:1
gen/gen_img/get_features/dense/bias              [128]                     128  /device:GPU:1
gen/gen_img/get_features/dense_1/kernel          [128, 128]              16384  /device:GPU:1
gen/gen_img/get_features/dense_1/bias            [128]                     128  /device:GPU:1
gen/gen_img/get_features/dense_2/kernel          [128, 128]              16384  /device:GPU:1
gen/gen_img/get_features/dense_2/bias            [128]                     128  /device:GPU:1
gen/gen_img/get_features/dense_3/kernel          [128, 128]              16384  /device:GPU:1
gen/gen_img/get_features/dense_3/bias            [128]                     128  /device:GPU:1
gen/gen_img/get_features/dense_4/kernel          [128, 128]              16384  /device:GPU:1
gen/gen_img/get_features/dense_4/bias            [128]                     128  /device:GPU:1
gen/gen_img/get_features/dense_5/kernel          [128, 128]              16384  /device:GPU:1
gen/gen_img/get_features/dense_5/bias            [128]                     128  /device:GPU:1
gen/gen_img/get_features/dense_6/kernel          [128, 128]              16384  /device:GPU:1
gen/gen_img/get_features/dense_6/bias            [128]                     128  /device:GPU:1
gen/gen_img/get_features/dense_7/kernel          [128, 128]              16384  /device:GPU:1
gen/gen_img/get_features/dense_7/bias            [128]                     128  /device:GPU:1
gen/gen_img/get_features/dense_8/kernel          [128, 32]                4096  /device:GPU:1
gen/gen_img/get_features/dense_8/bias            [32]                       32  /device:GPU:1
gen/gen_img/conv0_nr_rgb/W                       [3, 3, 32, 3]             864  /device:GPU:1
gen/gen_img/conv0_nr_rgb/b                       [3]                         3  /device:GPU:1
gen/gen_img/conv0_nr_f/W                         [3, 3, 32, 32]           9216  /device:GPU:1
gen/gen_img/conv0_nr_f/b                         [32]                       32  /device:GPU:1
gen/gen_img/conv1_nr_rgb/W                       [3, 3, 32, 3]             864  /device:GPU:1
gen/gen_img/conv1_nr_rgb/b                       [3]                         3  /device:GPU:1
gen/gen_img/conv1_nr_f/W                         [3, 3, 32, 32]           9216  /device:GPU:1
gen/gen_img/conv1_nr_f/b                         [32]                       32  /device:GPU:1
gen/gen_img/conv2_nr_rgb/W                       [3, 3, 32, 3]             864  /device:GPU:1
gen/gen_img/conv2_nr_rgb/b                       [3]                         3  /device:GPU:1
gen/gen_img/conv2_nr_f/W                         [3, 3, 32, 32]           9216  /device:GPU:1
gen/gen_img/conv2_nr_f/b                         [32]                       32  /device:GPU:1
gen/gen_img/conv3_nr_rgb/W                       [3, 3, 32, 3]             864  /device:GPU:1
gen/gen_img/conv3_nr_rgb/b                       [3]                         3  /device:GPU:1
discrim/discrim_mask/s0/Ax/conv0/W               [7, 7, 3, 64]            9408  /device:GPU:1
discrim/discrim_mask/s0/Ax/conv0/b               [64]                       64  /device:GPU:1
discrim/discrim_mask/s0/Ax/conv1/W               [3, 3, 64, 128]         73728  /device:GPU:1
discrim/discrim_mask/s0/Ax/conv1/b               [128]                     128  /device:GPU:1
discrim/discrim_mask/s0/Ax/conv1/IN/in/beta      [128]                     128  /device:GPU:1
discrim/discrim_mask/s0/Ax/conv1/IN/in/gamma     [128]                     128  /device:GPU:1
discrim/discrim_mask/s0/Ax/conv2/W               [3, 3, 128, 256]       294912  /device:GPU:1
discrim/discrim_mask/s0/Ax/conv2/b               [256]                     256  /device:GPU:1
discrim/discrim_mask/s0/Ax/conv2/IN/in/beta      [256]                     256  /device:GPU:1
discrim/discrim_mask/s0/Ax/conv2/IN/in/gamma     [256]                     256  /device:GPU:1
discrim/discrim_mask/s0/Ax/conv3/W               [3, 3, 256, 512]      1179648  /device:GPU:1
discrim/discrim_mask/s0/Ax/conv3/b               [512]                     512  /device:GPU:0
discrim/discrim_mask/s0/Ax/conv3/IN/in/beta      [512]                     512  /device:GPU:0
discrim/discrim_mask/s0/Ax/conv3/IN/in/gamma     [512]                     512  /device:GPU:0
discrim/discrim_mask/s0/Ah/conv3/W               [3, 3, 512, 512]      2359296  /device:GPU:0
discrim/discrim_mask/s0/Ah/conv3/b               [512]                     512  /device:GPU:1
discrim/discrim_mask/s0/Ah/conv3/IN/in/beta      [512]                     512  /device:GPU:1
discrim/discrim_mask/s0/Ah/conv3/IN/in/gamma     [512]                     512  /device:GPU:1
discrim/discrim_mask/s0/Ah/conv4/W               [3, 3, 512, 1]           4608  /device:GPU:1
discrim/discrim_mask/s0/Ah/conv4/b               [1]                         1  /device:GPU:1
discrim/discrim_mask/s1/Ax/conv0/W               [7, 7, 3, 64]            9408  /device:GPU:1
discrim/discrim_mask/s1/Ax/conv0/b               [64]                       64  /device:GPU:1
discrim/discrim_mask/s1/Ax/conv1/W               [3, 3, 64, 128]         73728  /device:GPU:1
discrim/discrim_mask/s1/Ax/conv1/b               [128]                     128  /device:GPU:1
discrim/discrim_mask/s1/Ax/conv1/IN/in/beta      [128]                     128  /device:GPU:1
discrim/discrim_mask/s1/Ax/conv1/IN/in/gamma     [128]                     128  /device:GPU:1
discrim/discrim_mask/s1/Ax/conv2/W               [3, 3, 128, 256]       294912  /device:GPU:1
discrim/discrim_mask/s1/Ax/conv2/b               [256]                     256  /device:GPU:1
discrim/discrim_mask/s1/Ax/conv2/IN/in/beta      [256]                     256  /device:GPU:1
discrim/discrim_mask/s1/Ax/conv2/IN/in/gamma     [256]                     256  /device:GPU:1
discrim/discrim_mask/s1/Ax/conv3/W               [3, 3, 256, 512]      1179648  /device:GPU:1
discrim/discrim_mask/s1/Ax/conv3/b               [512]                     512  /device:GPU:0
discrim/discrim_mask/s1/Ax/conv3/IN/in/beta      [512]                     512  /device:GPU:0
discrim/discrim_mask/s1/Ax/conv3/IN/in/gamma     [512]                     512  /device:GPU:0
discrim/discrim_mask/s1/Ah/conv3/W               [3, 3, 512, 512]      2359296  /device:GPU:0
discrim/discrim_mask/s1/Ah/conv3/b               [512]                     512  /device:GPU:1
discrim/discrim_mask/s1/Ah/conv3/IN/in/beta      [512]                     512  /device:GPU:1
discrim/discrim_mask/s1/Ah/conv3/IN/in/gamma     [512]                     512  /device:GPU:1
discrim/discrim_mask/s1/Ah/conv4/W               [3, 3, 512, 1]           4608  /device:GPU:1
discrim/discrim_mask/s1/Ah/conv4/b               [1]                         1  /device:GPU:1
discrim/discrim_mask/s2/Ax/conv0/W               [7, 7, 3, 64]            9408  /device:GPU:1
discrim/discrim_mask/s2/Ax/conv0/b               [64]                       64  /device:GPU:1
discrim/discrim_mask/s2/Ax/conv1/W               [3, 3, 64, 128]         73728  /device:GPU:1
discrim/discrim_mask/s2/Ax/conv1/b               [128]                     128  /device:GPU:1
discrim/discrim_mask/s2/Ax/conv1/IN/in/beta      [128]                     128  /device:GPU:1
discrim/discrim_mask/s2/Ax/conv1/IN/in/gamma     [128]                     128  /device:GPU:1
discrim/discrim_mask/s2/Ax/conv2/W               [3, 3, 128, 256]       294912  /device:GPU:1
discrim/discrim_mask/s2/Ax/conv2/b               [256]                     256  /device:GPU:1
discrim/discrim_mask/s2/Ax/conv2/IN/in/beta      [256]                     256  /device:GPU:1
discrim/discrim_mask/s2/Ax/conv2/IN/in/gamma     [256]                     256  /device:GPU:1
discrim/discrim_mask/s2/Ax/conv3/W               [3, 3, 256, 512]      1179648  /device:GPU:1
discrim/discrim_mask/s2/Ax/conv3/b               [512]                     512  /device:GPU:1
discrim/discrim_mask/s2/Ax/conv3/IN/in/beta      [512]                     512  /device:GPU:1
discrim/discrim_mask/s2/Ax/conv3/IN/in/gamma     [512]                     512  /device:GPU:1
discrim/discrim_mask/s2/Ah/conv3/W               [3, 3, 512, 512]      2359296  /device:GPU:1
discrim/discrim_mask/s2/Ah/conv3/b               [512]                     512  /device:GPU:0
discrim/discrim_mask/s2/Ah/conv3/IN/in/beta      [512]                     512  /device:GPU:0
discrim/discrim_mask/s2/Ah/conv3/IN/in/gamma     [512]                     512  /device:GPU:0
discrim/discrim_mask/s2/Ah/conv4/W               [3, 3, 512, 1]           4608  /device:GPU:0
discrim/discrim_mask/s2/Ah/conv4/b               [1]                         1  /device:GPU:0[36m
Number of trainable variables: 195
Number of parameters (elements): 19167070
Storage space needed for all trainable variables: 73.12MB[0m
[32m[1006 17:43:11 @base.py:207][0m Setup callbacks graph ...
[32m[1006 17:43:11 @argtools.py:138][0m [5m[31mWRN[0m Starting a process with 'fork' method is efficient but not safe and may cause deadlock or crash.Use 'forkserver' or 'spawn' method instead if you run into such issues.See https://docs.python.org/3/library/multiprocessing.html#contexts-and-start-methods on how to set them.
[32m[1006 17:43:12 @tower.py:135][0m Building graph for predict tower 'tower-pred-0' on device /gpu:0 ...
[32m[1006 17:43:17 @collection.py:165][0m These collections were modified but restored in tower-pred-0: (tf.GraphKeys.UPDATE_OPS: 60->90)
[32m[1006 17:43:17 @summary.py:47][0m [MovingAverageSummary] 10 operations in collection 'MOVING_SUMMARY_OPS' will be run with session hooks.
[32m[1006 17:43:17 @summary.py:94][0m Summarizing collection 'summaries' of size 11.
[32m[1006 17:43:17 @graph.py:99][0m Applying collection UPDATE_OPS of 60 ops.
[32m[1006 17:43:17 @base.py:228][0m Creating the session ...
[32m[1006 17:43:27 @base.py:234][0m Initializing the session ...
[32m[1006 17:43:27 @base.py:241][0m Graph Finalized.
[32m[1006 17:43:28 @concurrency.py:37][0m Starting EnqueueThread: enqueue dataflow to TF queue "QueueInput/input_queue" ...
[32m[1006 17:43:28 @common.py:839][0m [36mContents of DataFlow:[0m
[32m[1006 17:43:36 @base.py:273][0m Start Epoch 1 ...
[32m[1006 17:43:36 @input_source.py:599][0m Pre-filling StagingArea ...
[32m[1006 17:43:37 @input_source.py:603][0m 1 element was put into StagingArea on each tower.
[32m[1006 17:43:40 @base.py:291][0m Detected Ctrl-C and exiting main loop.
