[32m[1006 17:38:46 @logger.py:92][0m Argv: /Users/harrywang/Documents/Brown/Research/Visual Computing Lab/code/Stamps_cvpr/3Dstamps/model/model_7.py --dataset synthgiraffe_png --data dataset --dataloader GiraffeLoader_hor_scaled_keep_aspect_ratio --getdata get_data_synth --nb_l 6 --angle 90 --LAMBDA_dens_rot 10. --LAMBDA_dens 20. --LAMBDA_mask_recon 20. --LAMBDA_m 5. --LAMBDA_kl_cyc 0. --LAMBDA_mask_recon_cyc 5. --LAMBDA_img_recon_cyc 2. --nb_epochs 200 --ratio 0.9 --gpu 0,1 --batch 6
[32m[1006 17:38:46 @parallel.py:340][0m [MultiProcessRunnerZMQ] Will fork a dataflow more than one times. This assumes the datapoints are i.i.d.
[32m[1006 17:38:46 @input_source.py:221][0m Setting up the queue 'QueueInput/input_queue' for CPU prefetching ...
[32m[1006 17:38:46 @training.py:112][0m Building graph for training tower 0 ...
[32m[1006 17:38:46 @argscope.py:115][0m 'dense'     : [1, 256] --> [1, 256]
[32m[1006 17:38:46 @argscope.py:115][0m 'dense'     : [1, 256] --> [1, 256]
[32m[1006 17:38:46 @argscope.py:115][0m 'dense'     : [1, 256] --> [1, 256]
[32m[1006 17:38:46 @argscope.py:115][0m 'dense'     : [1, 256] --> [1, 256]
[32m[1006 17:38:46 @argscope.py:115][0m 'dense'     : [1, 256] --> [1, 18]
[32m[1006 17:38:46 @argscope.py:115][0m 'dense'     : [1, 256] --> [1, 18]
[32m[1006 17:38:46 @argscope.py:115][0m 'dense'     : [1, 256] --> [1, 18]
[32m[1006 17:38:46 @argscope.py:115][0m 'dense'     : [1, 256] --> [1, 18]
[32m[1006 17:38:46 @registry.py:90][0m 'gen/foreground_encoder/mask_conv0_0': [?, 256, 256, 3] --> [?, 128, 128, 64]
[32m[1006 17:38:46 @registry.py:90][0m 'gen/foreground_encoder/mask_conv0_1': [?, 128, 128, 64] --> [?, 128, 128, 64]
[32m[1006 17:38:46 @registry.py:90][0m 'gen/foreground_encoder/mask_conv1_0': [?, 128, 128, 64] --> [?, 64, 64, 128]
[32m[1006 17:38:46 @registry.py:90][0m 'gen/foreground_encoder/mask_conv1_1': [?, 64, 64, 128] --> [?, 64, 64, 128]
[32m[1006 17:38:46 @registry.py:90][0m 'gen/foreground_encoder/mask_conv2_0': [?, 64, 64, 128] --> [?, 32, 32, 128]
[32m[1006 17:38:46 @registry.py:90][0m 'gen/foreground_encoder/mask_conv2_1': [?, 32, 32, 128] --> [?, 32, 32, 128]
[32m[1006 17:38:46 @registry.py:90][0m 'gen/foreground_encoder/mask_conv3_0': [?, 32, 32, 128] --> [?, 16, 16, 256]
[32m[1006 17:38:46 @registry.py:90][0m 'gen/foreground_encoder/mask_conv3_1': [?, 16, 16, 256] --> [?, 16, 16, 256]
[32m[1006 17:38:47 @registry.py:90][0m 'gen/foreground_encoder/mask_conv4_0': [?, 16, 16, 256] --> [?, 8, 8, 256]
[32m[1006 17:38:47 @registry.py:90][0m 'gen/foreground_encoder/mask_conv4_1': [?, 8, 8, 256] --> [?, 8, 8, 256]
[32m[1006 17:38:47 @registry.py:90][0m 'gen/foreground_encoder/mask_conv5_0': [?, 8, 8, 256] --> [?, 4, 4, 512]
[32m[1006 17:38:47 @registry.py:90][0m 'gen/foreground_encoder/mask_conv5_1': [?, 4, 4, 512] --> [?, 4, 4, 512]
[32m[1006 17:38:47 @argscope.py:115][0m 'dense'     : [?, 512] --> [?, 16]
[32m[1006 17:38:47 @argscope.py:115][0m 'dense'     : [?, 16] --> [?, 256]
[32m[1006 17:38:47 @argscope.py:115][0m 'dense'     : [?, 256] --> [?, 256]
[32m[1006 17:38:47 @argscope.py:115][0m 'dense'     : [?, 256] --> [?, 256]
[32m[1006 17:38:47 @argscope.py:115][0m 'dense'     : [?, 256] --> [?, 256]
[32m[1006 17:38:47 @argscope.py:115][0m 'dense'     : [?, 256] --> [?, 256]
[32m[1006 17:38:47 @argscope.py:115][0m 'dense'     : [?, 256] --> [?, 256]
[32m[1006 17:38:47 @argscope.py:115][0m 'dense'     : [?, 256] --> [?, 256]
[32m[1006 17:38:47 @argscope.py:115][0m 'dense'     : [?, 256] --> [?, 256]
[32m[1006 17:38:47 @argscope.py:115][0m 'dense'     : [?, 256] --> [?, 256]
[32m[1006 17:38:47 @argscope.py:115][0m 'dense'     : [?, 256] --> [?, 256]
[32m[1006 17:38:47 @argscope.py:115][0m 'dense'     : [?, 256] --> [?, 256]
[32m[1006 17:38:47 @argscope.py:115][0m 'dense'     : [?, 256] --> [?, 256]
[32m[1006 17:38:47 @argscope.py:115][0m 'dense'     : [?, 256] --> [?, 18]
[32m[1006 17:38:47 @argscope.py:115][0m 'dense'     : [?, 256] --> [?, 18]
[32m[1006 17:38:47 @argscope.py:115][0m 'dense'     : [?, 256] --> [?, 6]
[32m[1006 17:38:47 @argscope.py:115][0m 'dense'     : [?, 256] --> [?, 6]
[32m[1006 17:38:47 @argscope.py:115][0m 'dense'     : [?, 256] --> [?, 6]
[32m[1006 17:38:47 @argscope.py:115][0m 'dense'     : [?, 256] --> [?, 1]
